# JRE version: Java(TM) SE Runtime Environment 18.9 (11.0.26+7) (build 11.0.26+7-LTS-187)
# Java VM: Java HotSpot(TM) 64-Bit Server VM 18.9 (11.0.26+7-LTS-187, mixed mode, tiered, compressed oops, g1 gc, windows-amd64)
Heap:
 garbage-first heap   total 260096K, used 22471K [0x0000000702200000, 0x0000000800000000)
  region size 1024K, 14 young (14336K), 3 survivors (3072K)
 Metaspace       used 22183K, capacity 22753K, committed 22960K, reserved 1069056K
  class space    used 2334K, capacity 2559K, committed 2560K, reserved 1048576K
GC Heap History (6 events):
Event: 1.370 GC heap before
{Heap before GC invocations=0 (full 0):
 garbage-first heap   total 260096K, used 23552K [0x0000000702200000, 0x0000000800000000)
  region size 1024K, 24 young (24576K), 0 survivors (0K)
 Metaspace       used 14791K, capacity 15212K, committed 15232K, reserved 1062912K
  class space    used 1521K, capacity 1659K, committed 1664K, reserved 1048576K
}
Event: 1.376 GC heap after
{Heap after GC invocations=1 (full 0):
 garbage-first heap   total 260096K, used 7188K [0x0000000702200000, 0x0000000800000000)
  region size 1024K, 3 young (3072K), 3 survivors (3072K)
 Metaspace       used 14791K, capacity 15212K, committed 15232K, reserved 1062912K
  class space    used 1521K, capacity 1659K, committed 1664K, reserved 1048576K
}
Event: 1.661 GC heap before
{Heap before GC invocations=1 (full 0):
 garbage-first heap   total 260096K, used 29716K [0x0000000702200000, 0x0000000800000000)
  region size 1024K, 25 young (25600K), 3 survivors (3072K)
 Metaspace       used 17000K, capacity 17523K, committed 17664K, reserved 1064960K
  class space    used 1803K, capacity 1986K, committed 2048K, reserved 1048576K
}
Event: 1.680 GC heap after
{Heap after GC invocations=2 (full 0):
 garbage-first heap   total 260096K, used 9802K [0x0000000702200000, 0x0000000800000000)
  region size 1024K, 3 young (3072K), 3 survivors (3072K)
 Metaspace       used 17000K, capacity 17523K, committed 17664K, reserved 1064960K
  class space    used 1803K, capacity 1986K, committed 2048K, reserved 1048576K
}
Event: 2.115 GC heap before
{Heap before GC invocations=2 (full 0):
 garbage-first heap   total 260096K, used 25162K [0x0000000702200000, 0x0000000800000000)
  region size 1024K, 20 young (20480K), 3 survivors (3072K)
 Metaspace       used 20600K, capacity 21188K, committed 21296K, reserved 1069056K
  class space    used 2153K, capacity 2400K, committed 2432K, reserved 1048576K
}
Event: 2.119 GC heap after
{Heap after GC invocations=3 (full 0):
 garbage-first heap   total 260096K, used 10183K [0x0000000702200000, 0x0000000800000000)
  region size 1024K, 3 young (3072K), 3 survivors (3072K)
 Metaspace       used 20600K, capacity 21188K, committed 21296K, reserved 1069056K
  class space    used 2153K, capacity 2400K, committed 2432K, reserved 1048576K
}

